<?xml version="1.0" encoding="UTF-8"?>
<!-- Generated by org.testng.reporters.JUnitReportReporter -->
<testsuite hostname="Suryakumar" failures="0" tests="3" name="Selenium_Tests.SubmitOrderTest" time="53.628" errors="0" timestamp="2025-09-28T23:06:22 IST" skipped="0">
  <testcase classname="Selenium_Tests.SubmitOrderTest" name="SubmitOrder" time="12.876"/>
  <testcase classname="Selenium_Tests.SubmitOrderTest" name="OrderHistoryTest" time="11.007"/>
  <testcase classname="Selenium_Tests.SubmitOrderTest" name="SubmitOrder" time="29.745"/>
</testsuite> <!-- Selenium_Tests.SubmitOrderTest -->
