<?xml version="1.0" encoding="UTF-8"?>
<!-- Generated by org.testng.reporters.JUnitReportReporter -->
<testsuite hostname="Suryakumar" failures="0" tests="3" name="Selenium_Tests.SubmitOrderTest" time="28.004" errors="0" timestamp="2025-09-30T07:15:44 IST" skipped="0">
  <testcase classname="Selenium_Tests.SubmitOrderTest" name="OrderHistoryTest" time="6.126"/>
  <testcase classname="Selenium_Tests.SubmitOrderTest" name="SubmitOrder" time="13.406"/>
  <testcase classname="Selenium_Tests.SubmitOrderTest" name="SubmitOrder" time="8.472"/>
</testsuite> <!-- Selenium_Tests.SubmitOrderTest -->
